2026-03-29 10:02:10,663 [INFO] Starting Atlas OCR with docTR backend...
2026-03-29 10:02:10,678 [INFO] CUDA available: True
2026-03-29 10:02:10,678 [INFO] Loading docTR model...
2026-03-29 10:02:11,163 [INFO] Using downloaded & verified file: C:\Users\vedan\.cache\doctr\models\db_resnet50-79bd7d70.pt
2026-03-29 10:02:11,527 [INFO] Using downloaded & verified file: C:\Users\vedan\.cache\doctr\models\parseq-56125471.pt
2026-03-29 10:02:11,705 [INFO] Using downloaded & verified file: C:\Users\vedan\.cache\doctr\models\mobilenet_v3_small_crop_orientation-f0847a18.pt
2026-03-29 10:02:11,759 [INFO] Using downloaded & verified file: C:\Users\vedan\.cache\doctr\models\mobilenet_v3_small_page_orientation-8e60325c.pt
2026-03-29 10:02:11,776 [INFO] Using device: cuda
2026-03-29 10:02:11,969 [INFO] Model loaded on CUDA (GPU)
2026-03-29 10:02:13,279 [INFO] [31m[1mWARNING: This is a development server. Do not use it in a production deployment. Use a production WSGI server instead.[0m
 * Running on all addresses (0.0.0.0)
 * Running on http://127.0.0.1:5000
 * Running on http://10.207.115.207:5000
2026-03-29 10:02:13,279 [INFO] [33mPress CTRL+C to quit[0m
2026-03-29 10:02:16,928 [INFO] 127.0.0.1 - - [29/Mar/2026 10:02:16] "GET / HTTP/1.1" 200 -
2026-03-29 10:02:27,538 [INFO] File uploaded: C:\Users\vedan\AppData\Local\Temp\20260329_100227_Sample.pdf
2026-03-29 10:02:28,375 [INFO] Extracted page 1/1
2026-03-29 10:02:28,490 [INFO] 127.0.0.1 - - [29/Mar/2026 10:02:28] "POST /api/upload HTTP/1.1" 200 -
2026-03-29 10:14:49,033 [INFO] 127.0.0.1 - - [29/Mar/2026 10:14:49] "GET / HTTP/1.1" 200 -
2026-03-29 10:14:57,328 [INFO] File uploaded: C:\Users\vedan\AppData\Local\Temp\20260329_101457_Sample.pdf
2026-03-29 10:14:58,001 [INFO] Extracted page 1/1
2026-03-29 10:14:58,067 [INFO] 127.0.0.1 - - [29/Mar/2026 10:14:58] "POST /api/upload HTTP/1.1" 200 -
2026-03-29 10:34:25,885 [INFO] Processing with annotations: {'1': [{'x1': 0.49941982386171496, 'y1': 0.47124963089732497, 'x2': 0.5139122096934543, 'y2': 0.5270122074211472}, {'x1': 0.7731383098237453, 'y1': 0.6010638864744144, 'x2': 0.8114396152361993, 'y2': 0.6196957736184123}, {'x1': 0.6300794400404705, 'y1': 0.6093151507810421, 'x2': 0.6662162982183141, 'y2': 0.6288786322822397}]}
2026-03-29 10:34:26,519 [INFO] Extracted page 1/1
2026-03-29 10:34:26,547 [INFO] Processing page 1
2026-03-29 10:34:31,937 [INFO] Exported 3 dimensions to XLSX and CSV
2026-03-29 10:34:31,956 [INFO] 127.0.0.1 - - [29/Mar/2026 10:34:31] "POST /api/process HTTP/1.1" 200 -
2026-03-29 10:37:22,437 [INFO] 127.0.0.1 - - [29/Mar/2026 10:37:22] "GET / HTTP/1.1" 200 -
2026-03-29 10:37:31,310 [INFO] File uploaded: C:\Users\vedan\AppData\Local\Temp\20260329_103731_DRAWINGS_ON_BASIC_FEATURES.pdf
2026-03-29 10:37:31,683 [INFO] Extracted page 1/8
2026-03-29 10:37:32,053 [INFO] Extracted page 2/8
2026-03-29 10:37:32,400 [INFO] Extracted page 3/8
2026-03-29 10:37:32,800 [INFO] Extracted page 4/8
2026-03-29 10:37:33,122 [INFO] Extracted page 5/8
2026-03-29 10:37:33,415 [INFO] Extracted page 6/8
2026-03-29 10:37:33,750 [INFO] Extracted page 7/8
2026-03-29 10:37:34,159 [INFO] Extracted page 8/8
2026-03-29 10:37:34,343 [INFO] 127.0.0.1 - - [29/Mar/2026 10:37:34] "POST /api/upload HTTP/1.1" 200 -
2026-03-29 10:38:49,328 [INFO] Processing with annotations: {'1': [{'x1': 0.2554985881693087, 'y1': 0.10025909310379878, 'x2': 0.3106995520839722, 'y2': 0.1560211748881854}, {'x1': 0.37904360264498405, 'y1': 0.3028613235870702, 'x2': 0.40270115860841127, 'y2': 0.3623408774904159}, {'x1': 0.3724720593218099, 'y1': 0.6801847436614196, 'x2': 0.4000725412791416, 'y2': 0.7508167139216426}], '2': [{'x1': 0.44213041854745655, 'y1': 0.20992452061309247, 'x2': 0.489445530474311, 'y2': 0.24709924180268353}, {'x1': 0.4802453698218671, 'y1': 0.2712628105759178, 'x2': 0.5157317037670078, 'y2': 0.29542637934915195}, {'x1': 0.14641096900461667, 'y1': 0.26382786633799954, 'x2': 0.18978315493756653, 'y2': 0.29542637934915195}, {'x1': 0.1713828336326787, 'y1': 0.20992452061309247, 'x2': 0.22264087155343762, 'y2': 0.2433817696837244}, {'x1': 0.287041996120545, 'y1': 0.5259096507246166, 'x2': 0.3054423174254328, 'y2': 0.5612256358547282}, {'x1': 0.050466436486273046, 'y1': 0.4571364165238731, 'x2': 0.07280968378506539, 'y2': 0.520333442546178}], '3': [{'x1': 0.2830990701266405, 'y1': 0.28489350386268586, 'x2': 0.3343571080473993, 'y2': 0.32578569717123607}, {'x1': 0.3365556383256594, 'y1': 0.3616085408469623, 'x2': 0.3919419094671903, 'y2': 0.3993224950100026}, {'x1': 0.5129711686283137, 'y1': 0.2987519505752284, 'x2': 0.5375872891356608, 'y2': 0.33549888027254976}], '4': [], '5': [], '6': [], '7': [], '8': []}
2026-03-29 10:38:49,658 [INFO] Extracted page 1/8
2026-03-29 10:38:49,973 [INFO] Extracted page 2/8
2026-03-29 10:38:50,345 [INFO] Extracted page 3/8
2026-03-29 10:38:50,705 [INFO] Extracted page 4/8
2026-03-29 10:38:51,015 [INFO] Extracted page 5/8
2026-03-29 10:38:51,384 [INFO] Extracted page 6/8
2026-03-29 10:38:51,719 [INFO] Extracted page 7/8
2026-03-29 10:38:52,034 [INFO] Extracted page 8/8
2026-03-29 10:38:52,050 [INFO] Processing page 1
2026-03-29 10:38:56,476 [INFO] Processing page 2
2026-03-29 10:39:02,064 [INFO] Processing page 3
2026-03-29 10:39:05,484 [INFO] Processing page 4
2026-03-29 10:39:05,490 [WARNING] No annotations for page 4, skipping
2026-03-29 10:39:05,490 [INFO] Processing page 5
2026-03-29 10:39:05,490 [WARNING] No annotations for page 5, skipping
2026-03-29 10:39:05,490 [INFO] Processing page 6
2026-03-29 10:39:05,490 [WARNING] No annotations for page 6, skipping
2026-03-29 10:39:05,490 [INFO] Processing page 7
2026-03-29 10:39:05,490 [WARNING] No annotations for page 7, skipping
2026-03-29 10:39:05,490 [INFO] Processing page 8
2026-03-29 10:39:05,490 [WARNING] No annotations for page 8, skipping
2026-03-29 10:39:05,523 [INFO] Exported 10 dimensions to XLSX and CSV
2026-03-29 10:39:05,541 [INFO] 127.0.0.1 - - [29/Mar/2026 10:39:05] "POST /api/process HTTP/1.1" 200 -
2026-03-29 10:49:56,066 [INFO] Starting Atlas OCR with docTR backend...
2026-03-29 10:49:56,135 [INFO] CUDA available: True
2026-03-29 10:49:56,135 [INFO] Loading docTR model...
2026-03-29 10:49:56,926 [INFO] Using downloaded & verified file: C:\Users\vedan\.cache\doctr\models\db_resnet50-79bd7d70.pt
2026-03-29 10:49:57,386 [INFO] Using downloaded & verified file: C:\Users\vedan\.cache\doctr\models\parseq-56125471.pt
2026-03-29 10:49:57,589 [INFO] Using downloaded & verified file: C:\Users\vedan\.cache\doctr\models\mobilenet_v3_small_crop_orientation-f0847a18.pt
2026-03-29 10:49:57,690 [INFO] Using downloaded & verified file: C:\Users\vedan\.cache\doctr\models\mobilenet_v3_small_page_orientation-8e60325c.pt
2026-03-29 10:49:57,729 [INFO] Using device: cuda
2026-03-29 10:49:57,990 [INFO] Model loaded on CUDA (GPU)
2026-03-29 10:49:59,359 [INFO] [31m[1mWARNING: This is a development server. Do not use it in a production deployment. Use a production WSGI server instead.[0m
 * Running on all addresses (0.0.0.0)
 * Running on http://127.0.0.1:5000
 * Running on http://10.207.115.207:5000
2026-03-29 10:49:59,360 [INFO] [33mPress CTRL+C to quit[0m
2026-03-29 10:51:17,557 [INFO] 127.0.0.1 - - [29/Mar/2026 10:51:17] "GET / HTTP/1.1" 200 -
2026-03-29 10:55:10,355 [INFO] 127.0.0.1 - - [29/Mar/2026 10:55:10] "GET / HTTP/1.1" 200 -
2026-03-29 10:58:45,977 [INFO] File uploaded: C:\Users\vedan\AppData\Local\Temp\20260329_105845_DRAWINGS_ON_BASIC_FEATURES.pdf
2026-03-29 10:58:46,651 [INFO] Extracted page 1/8
2026-03-29 10:58:47,625 [INFO] Extracted page 2/8
2026-03-29 10:58:48,877 [INFO] Extracted page 3/8
2026-03-29 10:58:49,971 [INFO] Extracted page 4/8
2026-03-29 10:58:50,836 [INFO] Extracted page 5/8
2026-03-29 10:58:52,031 [INFO] Extracted page 6/8
2026-03-29 10:58:53,230 [INFO] Extracted page 7/8
2026-03-29 10:58:54,416 [INFO] Extracted page 8/8
2026-03-29 10:58:54,803 [INFO] 127.0.0.1 - - [29/Mar/2026 10:58:54] "POST /api/upload HTTP/1.1" 200 -
2026-03-29 11:07:42,843 [INFO] Processing with annotations: {'1': [{'x1': 0.24366981018759515, 'y1': 0.10425814376887778, 'x2': 0.3080709347547025, 'y2': 0.15072654525586662}, {'x1': 0.3737863679864447, 'y1': 0.3087191103116287, 'x2': 0.3974439239498719, 'y2': 0.3607637199770562}, {'x1': 0.3784549815016148, 'y1': 0.6882047522318876, 'x2': 0.39740088434079623, 'y2': 0.7444065559176802}], '2': [{'x1': 0.17244816827667855, 'y1': 0.21652556632314635, 'x2': 0.21279125466371968, 'y2': 0.24263522689755884}, {'x1': 0.15740498352218865, 'y1': 0.2639097651433765, 'x2': 0.17860219840351532, 'y2': 0.293887523580665}, {'x1': 0.44527683723310924, 'y1': 0.2242617620488982, 'x2': 0.4897226103713748, 'y2': 0.24553630029471582}, {'x1': 0.48903882924617076, 'y1': 0.26777786300625245, 'x2': 0.515022512003926, 'y2': 0.2958215725121029}, {'x1': 0.285955835060557, 'y1': 0.5279074442846587, 'x2': 0.3064692688166796, 'y2': 0.5665884229134182}, {'x1': 0.04783781915700336, 'y1': 0.45893882552930415, 'x2': 0.07675260977896993, 'y2': 0.5128421712542113}], '3': [{'x1': 0.2927936463125978, 'y1': 0.29889844439382673, 'x2': 0.3317691704492307, 'y2': 0.3298432272968342}, {'x1': 0.33792320057606756, 'y1': 0.36562313252843653, 'x2': 0.38236897371433315, 'y2': 0.38883171970569214}, {'x1': 0.5198089798803546, 'y1': 0.30566761565385964, 'x2': 0.5362197268852527, 'y2': 0.33564537409114803}], '4': [{'x1': 0.3741636002118841, 'y1': 0.26502331293893844, 'x2': 0.420660716725762, 'y2': 0.29790214477338384}, {'x1': 0.4316012147290274, 'y1': 0.31820965855348243, 'x2': 0.4719443011160685, 'y2': 0.3491544414564899}, {'x1': 0.5868195301503552, 'y1': 0.1953975514071717, 'x2': 0.6162221185341308, 'y2': 0.23407853003593096}, {'x1': 0.5991275904040286, 'y1': 0.2553530682817486, 'x2': 0.6292139599130085, 'y2': 0.2814627288561611}, {'x1': 0.5020306706250484, 'y1': 0.49309456351877534, 'x2': 0.5204927610055586, 'y2': 0.5520830559276333}, {'x1': 0.007094250553323185, 'y1': 0.30680410392222346, 'x2': 0.2016119329192801, 'y2': 0.35513124146869185}, {'x1': 0.03995196716919428, 'y1': 0.3588487135876509, 'x2': 0.1871545376082968, 'y2': 0.3904472265988034}], '5': [{'x1': 0.3992492651055944, 'y1': 0.13303865156770764, 'x2': 0.4422241178871522, 'y2': 0.1624465721009713}, {'x1': 0.4463829746079482, 'y1': 0.2254013123348357, 'x2': 0.48566106585990965, 'y2': 0.2521951954873648}, {'x1': 0.10475383688147395, 'y1': 0.7216346887541099, 'x2': 0.12663483288800473, 'y2': 0.770952936505778}], '6': [{'x1': 0.2763828993076997, 'y1': 0.29198277931519556, 'x2': 0.29621255193861823, 'y2': 0.320993513286765}, {'x1': 0.41108778097290477, 'y1': 0.29101575484947656, 'x2': 0.44117415048188463, 'y2': 0.32292756221820296}, {'x1': 0.42339584122657836, 'y1': 0.3335648313411118, 'x2': 0.4480119617339255, 'y2': 0.3712787855041521}, {'x1': 0.1847562285303521, 'y1': 0.46024503635029845, 'x2': 0.20663722453688285, 'y2': 0.49989303944477675}, {'x1': 0.26339105792882206, 'y1': 0.5849911924280472, 'x2': 0.3228800158215776, 'y2': 0.6111008530024599}], '7': [{'x1': 0.2839044916849447, 'y1': 0.04668088683698385, 'x2': 0.32971782707361846, 'y2': 0.07375757187711536}, {'x1': 0.07671881074810638, 'y1': 0.24685495124081325, 'x2': 0.10133493125545351, 'y2': 0.2942391500610434}, {'x1': 0.20868856791249513, 'y1': 0.44606199117892364, 'x2': 0.23809115629627087, 'y2': 0.47507272515049315}, {'x1': 0.1888589152815766, 'y1': 0.49505791711618186, 'x2': 0.21894528479055642, 'y2': 0.5269697244849083}, {'x1': 0.08082149749933092, 'y1': 0.7385722618593651, 'x2': 0.10133493125545351, 'y2': 0.7878905096110332}, {'x1': 0.48630370474535434, 'y1': 0.8687982207835844, 'x2': 0.5047657951258646, 'y2': 0.9055451504809057}], '8': [{'x1': 0.22304797154178094, 'y1': 0.4602157316843299, 'x2': 0.2702288691808629, 'y2': 0.4911605145873374}, {'x1': 0.33245295157443483, 'y1': 0.6632908694853162, 'x2': 0.36117175883300645, 'y2': 0.7010048236483566}, {'x1': 0.6189572430349473, 'y1': 0.5433798357361624, 'x2': 0.6367355522902534, 'y2': 0.5926980834878305}, {'x1': 0.6517787370447433, 'y1': 0.506632906038841, 'x2': 0.6722921708008659, 'y2': 0.5946321324192685}, {'x1': 0.03995196716919428, 'y1': 0.40007881249636956, 'x2': 0.06492383179725632, 'y2': 0.468852046697113}]}
2026-03-29 11:07:43,511 [INFO] Extracted page 1/8
2026-03-29 11:07:44,265 [INFO] Extracted page 2/8
2026-03-29 11:07:44,884 [INFO] Extracted page 3/8
2026-03-29 11:07:45,442 [INFO] Extracted page 4/8
2026-03-29 11:07:45,831 [INFO] Extracted page 5/8
2026-03-29 11:07:46,160 [INFO] Extracted page 6/8
2026-03-29 11:07:46,528 [INFO] Extracted page 7/8
2026-03-29 11:07:46,840 [INFO] Extracted page 8/8
2026-03-29 11:07:46,855 [INFO] Hybrid processing Page 1 with 3 boxes
2026-03-29 11:07:51,366 [INFO] Hybrid processing Page 2 with 6 boxes
2026-03-29 11:07:57,766 [INFO] Hybrid processing Page 3 with 3 boxes
2026-03-29 11:08:08,895 [INFO] Hybrid processing Page 4 with 7 boxes
2026-03-29 11:08:19,227 [INFO] Hybrid processing Page 5 with 3 boxes
2026-03-29 11:08:30,114 [INFO] Hybrid processing Page 6 with 5 boxes
2026-03-29 11:08:38,669 [INFO] Hybrid processing Page 7 with 6 boxes
2026-03-29 11:08:47,822 [INFO] Hybrid processing Page 8 with 5 boxes
2026-03-29 11:08:55,810 [INFO] 127.0.0.1 - - [29/Mar/2026 11:08:55] "POST /api/process HTTP/1.1" 200 -
